2025-07-05 06:42:52 | KISCollector | ERROR    | get_filtered_stocks_pykrx | ❌ pykrx 필터링 실패: '>' not supported between instances of 'int' and 'NoneType'
2025-07-05 06:42:52 | KISCollector | ERROR    | get_filtered_stocks | ❌ KIS API 필터링 실패: '>=' not supported between instances of 'int' and 'NoneType'
2025-07-05 06:42:52 | KISCollector | ERROR    | get_filtered_stocks | ❌ 모든 필터링 방식 실패: '>=' not supported between instances of 'int' and 'NoneType'
2025-07-05 07:27:13 | KISCollector | ERROR    | _get_access_token | ❌ 액세스 토큰 발급 실패: 403, {"error_description":"접근토큰 발급 잠시 후 다시 시도하세요(1분당 1회)","error_code":"EGW00133"}
2025-07-05 07:35:09 | KISCollector | ERROR    | _get_access_token | ❌ 액세스 토큰 발급 실패: 403, {"error_description":"접근토큰 발급 잠시 후 다시 시도하세요(1분당 1회)","error_code":"EGW00133"}
2025-07-05 08:15:39 | KISCollector | ERROR    | get_filtered_stocks_pykrx | ❌ pykrx 필터링 실패: '>' not supported between instances of 'int' and 'NoneType'
2025-07-05 08:15:40 | KISCollector | ERROR    | get_filtered_stocks | ❌ 종목 필터링 실패: '>=' not supported between instances of 'int' and 'NoneType'
2025-07-05 08:15:40 | TradingSystem | ERROR    | run_market_analysis | ❌ 시장 분석 실패: '>=' not supported between instances of 'int' and 'NoneType'
2025-07-05 08:39:59 | TradingSystem | ERROR    | initialize_components | ❌ 컴포넌트 초기화 실패: unexpected indent (kis_collector.py, line 733)
2025-07-05 08:50:23 | TradingSystem | ERROR    | run_market_analysis | ❌ 시장 분석 실패: 'KISCollector' object has no attribute 'get_filtered_stocks'
2025-07-05 08:52:46 | TradingSystem | ERROR    | run_market_analysis | ❌ 시장 분석 실패: 'KISCollector' object has no attribute 'get_filtered_stocks'
2025-07-05 09:21:41 | KISCollector | ERROR    | collect_filtered_stocks | ❌ 필터링된 종목 수집 실패: '>=' not supported between instances of 'int' and 'NoneType'
2025-07-05 09:21:41 | KISCollector | ERROR    | _direct_filtering | ❌ 직접 필터링 실패: '>=' not supported between instances of 'int' and 'NoneType'
2025-07-05 09:21:42 | KISCollector | ERROR    | _get_major_stocks_as_fallback | ❌ fallback 실패: '<' not supported between instances of 'int' and 'NoneType'
2025-07-05 09:33:11 | KISCollector | ERROR    | collect_filtered_stocks | ❌ 필터링된 종목 수집 실패: '>=' not supported between instances of 'int' and 'NoneType'
2025-07-05 09:33:12 | KISCollector | ERROR    | _direct_filtering | ❌ 직접 필터링 실패: '>=' not supported between instances of 'int' and 'NoneType'
2025-07-05 09:33:13 | KISCollector | ERROR    | _get_major_stocks_as_fallback | ❌ fallback 실패: '<' not supported between instances of 'int' and 'NoneType'
2025-07-05 09:38:30 | KISCollector | ERROR    | collect_filtered_stocks | ❌ 필터링된 종목 수집 실패: '>=' not supported between instances of 'int' and 'NoneType'
2025-07-05 09:38:30 | KISCollector | ERROR    | _direct_filtering | ❌ 직접 필터링 실패: '>=' not supported between instances of 'int' and 'NoneType'
2025-07-05 09:38:31 | KISCollector | ERROR    | _get_major_stocks_as_fallback | ❌ fallback 실패: '<' not supported between instances of 'int' and 'NoneType'
2025-07-05 09:41:34 | TradingSystem | ERROR    | analyze_symbol  | ❌ 214450 분석 실패: 'dict' object has no attribute 'symbol'
2025-07-05 09:41:43 | TradingSystem | ERROR    | analyze_symbol  | ❌ 329180 분석 실패: 'dict' object has no attribute 'symbol'
2025-07-05 09:41:51 | TradingSystem | ERROR    | analyze_symbol  | ❌ 373220 분석 실패: 'dict' object has no attribute 'symbol'
2025-07-05 09:42:00 | TradingSystem | ERROR    | analyze_symbol  | ❌ 018670 분석 실패: 'dict' object has no attribute 'symbol'
2025-07-05 09:42:10 | TradingSystem | ERROR    | analyze_symbol  | ❌ 010120 분석 실패: 'dict' object has no attribute 'symbol'
2025-07-05 09:42:18 | TradingSystem | ERROR    | analyze_symbol  | ❌ 068270 분석 실패: 'dict' object has no attribute 'symbol'
2025-07-05 09:42:28 | TradingSystem | ERROR    | analyze_symbol  | ❌ 086900 분석 실패: 'dict' object has no attribute 'symbol'
2025-07-05 09:42:37 | TradingSystem | ERROR    | analyze_symbol  | ❌ 014680 분석 실패: 'dict' object has no attribute 'symbol'
2025-07-05 09:42:46 | TradingSystem | ERROR    | analyze_symbol  | ❌ 011070 분석 실패: 'dict' object has no attribute 'symbol'
2025-07-05 09:42:55 | TradingSystem | ERROR    | analyze_symbol  | ❌ 086280 분석 실패: 'dict' object has no attribute 'symbol'
2025-07-05 09:43:04 | TradingSystem | ERROR    | analyze_symbol  | ❌ 071050 분석 실패: 'dict' object has no attribute 'symbol'
2025-07-05 09:43:12 | TradingSystem | ERROR    | analyze_symbol  | ❌ 005830 분석 실패: 'dict' object has no attribute 'symbol'
2025-07-05 09:43:21 | TradingSystem | ERROR    | analyze_symbol  | ❌ 141080 분석 실패: 'dict' object has no attribute 'symbol'
2025-07-05 09:43:29 | TradingSystem | ERROR    | analyze_symbol  | ❌ 138040 분석 실패: 'dict' object has no attribute 'symbol'
2025-07-05 09:43:38 | TradingSystem | ERROR    | analyze_symbol  | ❌ 064760 분석 실패: 'dict' object has no attribute 'symbol'
2025-07-05 09:43:46 | TradingSystem | ERROR    | analyze_symbol  | ❌ 047810 분석 실패: 'dict' object has no attribute 'symbol'
2025-07-05 09:43:55 | TradingSystem | ERROR    | analyze_symbol  | ❌ 000880 분석 실패: 'dict' object has no attribute 'symbol'
2025-07-05 09:44:04 | TradingSystem | ERROR    | analyze_symbol  | ❌ 066570 분석 실패: 'dict' object has no attribute 'symbol'
2025-07-05 09:44:12 | TradingSystem | ERROR    | analyze_symbol  | ❌ 267270 분석 실패: 'dict' object has no attribute 'symbol'
2025-07-05 09:44:21 | TradingSystem | ERROR    | analyze_symbol  | ❌ 023530 분석 실패: 'dict' object has no attribute 'symbol'
2025-07-05 09:44:30 | TradingSystem | ERROR    | analyze_symbol  | ❌ 000720 분석 실패: 'dict' object has no attribute 'symbol'
2025-07-05 09:44:38 | TradingSystem | ERROR    | analyze_symbol  | ❌ 298380 분석 실패: 'dict' object has no attribute 'symbol'
2025-07-05 09:44:47 | TradingSystem | ERROR    | analyze_symbol  | ❌ 000500 분석 실패: 'dict' object has no attribute 'symbol'
2025-07-05 09:44:56 | TradingSystem | ERROR    | analyze_symbol  | ❌ 095340 분석 실패: 'dict' object has no attribute 'symbol'
2025-07-05 09:45:05 | TradingSystem | ERROR    | analyze_symbol  | ❌ 034020 분석 실패: 'dict' object has no attribute 'symbol'
2025-07-05 09:45:13 | TradingSystem | ERROR    | analyze_symbol  | ❌ 030200 분석 실패: 'dict' object has no attribute 'symbol'
2025-07-05 09:45:23 | TradingSystem | ERROR    | analyze_symbol  | ❌ 051600 분석 실패: 'dict' object has no attribute 'symbol'
2025-07-05 09:45:32 | TradingSystem | ERROR    | analyze_symbol  | ❌ 017670 분석 실패: 'dict' object has no attribute 'symbol'
2025-07-05 09:45:40 | TradingSystem | ERROR    | analyze_symbol  | ❌ 007660 분석 실패: 'dict' object has no attribute 'symbol'
2025-07-05 09:45:48 | TradingSystem | ERROR    | analyze_symbol  | ❌ 028300 분석 실패: 'dict' object has no attribute 'symbol'
2025-07-05 09:45:57 | TradingSystem | ERROR    | analyze_symbol  | ❌ 302440 분석 실패: 'dict' object has no attribute 'symbol'
2025-07-05 09:46:06 | TradingSystem | ERROR    | analyze_symbol  | ❌ 036460 분석 실패: 'dict' object has no attribute 'symbol'
2025-07-05 09:46:15 | TradingSystem | ERROR    | analyze_symbol  | ❌ 161390 분석 실패: 'dict' object has no attribute 'symbol'
2025-07-05 09:46:24 | TradingSystem | ERROR    | analyze_symbol  | ❌ 263750 분석 실패: 'dict' object has no attribute 'symbol'
2025-07-05 09:46:32 | TradingSystem | ERROR    | analyze_symbol  | ❌ 140410 분석 실패: 'dict' object has no attribute 'symbol'
2025-07-05 09:46:41 | TradingSystem | ERROR    | analyze_symbol  | ❌ 005070 분석 실패: 'dict' object has no attribute 'symbol'
2025-07-05 09:46:51 | TradingSystem | ERROR    | analyze_symbol  | ❌ 083650 분석 실패: 'dict' object has no attribute 'symbol'
2025-07-05 09:47:57 | TradingSystem | ERROR    | analyze_symbol  | ❌ 214450 분석 실패: 'dict' object has no attribute 'symbol'
2025-07-05 09:48:05 | TradingSystem | ERROR    | analyze_symbol  | ❌ 329180 분석 실패: 'dict' object has no attribute 'symbol'
2025-07-05 09:48:13 | TradingSystem | ERROR    | analyze_symbol  | ❌ 373220 분석 실패: 'dict' object has no attribute 'symbol'
2025-07-05 09:48:22 | TradingSystem | ERROR    | analyze_symbol  | ❌ 018670 분석 실패: 'dict' object has no attribute 'symbol'
2025-07-05 09:48:31 | TradingSystem | ERROR    | analyze_symbol  | ❌ 010120 분석 실패: 'dict' object has no attribute 'symbol'
2025-07-05 09:48:39 | TradingSystem | ERROR    | analyze_symbol  | ❌ 068270 분석 실패: 'dict' object has no attribute 'symbol'
2025-07-05 09:48:48 | TradingSystem | ERROR    | analyze_symbol  | ❌ 086900 분석 실패: 'dict' object has no attribute 'symbol'
2025-07-05 09:48:57 | TradingSystem | ERROR    | analyze_symbol  | ❌ 014680 분석 실패: 'dict' object has no attribute 'symbol'
2025-07-05 09:49:06 | TradingSystem | ERROR    | analyze_symbol  | ❌ 011070 분석 실패: 'dict' object has no attribute 'symbol'
2025-07-05 09:49:15 | TradingSystem | ERROR    | analyze_symbol  | ❌ 086280 분석 실패: 'dict' object has no attribute 'symbol'
2025-07-05 09:49:24 | TradingSystem | ERROR    | analyze_symbol  | ❌ 071050 분석 실패: 'dict' object has no attribute 'symbol'
2025-07-05 09:49:32 | TradingSystem | ERROR    | analyze_symbol  | ❌ 005830 분석 실패: 'dict' object has no attribute 'symbol'
2025-07-05 09:49:39 | TradingSystem | ERROR    | analyze_symbol  | ❌ 141080 분석 실패: 'dict' object has no attribute 'symbol'
2025-07-05 09:49:48 | TradingSystem | ERROR    | analyze_symbol  | ❌ 138040 분석 실패: 'dict' object has no attribute 'symbol'
2025-07-05 09:49:56 | TradingSystem | ERROR    | analyze_symbol  | ❌ 064760 분석 실패: 'dict' object has no attribute 'symbol'
2025-07-05 09:50:05 | TradingSystem | ERROR    | analyze_symbol  | ❌ 047810 분석 실패: 'dict' object has no attribute 'symbol'
2025-07-05 09:50:14 | TradingSystem | ERROR    | analyze_symbol  | ❌ 000880 분석 실패: 'dict' object has no attribute 'symbol'
2025-07-05 09:50:22 | TradingSystem | ERROR    | analyze_symbol  | ❌ 066570 분석 실패: 'dict' object has no attribute 'symbol'
2025-07-05 09:50:31 | TradingSystem | ERROR    | analyze_symbol  | ❌ 267270 분석 실패: 'dict' object has no attribute 'symbol'
2025-07-05 09:50:39 | TradingSystem | ERROR    | analyze_symbol  | ❌ 023530 분석 실패: 'dict' object has no attribute 'symbol'
2025-07-05 09:50:48 | TradingSystem | ERROR    | analyze_symbol  | ❌ 000720 분석 실패: 'dict' object has no attribute 'symbol'
2025-07-05 09:50:56 | TradingSystem | ERROR    | analyze_symbol  | ❌ 298380 분석 실패: 'dict' object has no attribute 'symbol'
2025-07-05 09:51:05 | TradingSystem | ERROR    | analyze_symbol  | ❌ 000500 분석 실패: 'dict' object has no attribute 'symbol'
2025-07-05 09:51:15 | TradingSystem | ERROR    | analyze_symbol  | ❌ 095340 분석 실패: 'dict' object has no attribute 'symbol'
2025-07-05 09:51:23 | TradingSystem | ERROR    | analyze_symbol  | ❌ 034020 분석 실패: 'dict' object has no attribute 'symbol'
2025-07-05 09:51:31 | TradingSystem | ERROR    | analyze_symbol  | ❌ 030200 분석 실패: 'dict' object has no attribute 'symbol'
2025-07-05 09:51:40 | TradingSystem | ERROR    | analyze_symbol  | ❌ 051600 분석 실패: 'dict' object has no attribute 'symbol'
2025-07-05 09:51:49 | TradingSystem | ERROR    | analyze_symbol  | ❌ 017670 분석 실패: 'dict' object has no attribute 'symbol'
2025-07-05 09:51:57 | TradingSystem | ERROR    | analyze_symbol  | ❌ 007660 분석 실패: 'dict' object has no attribute 'symbol'
2025-07-05 09:53:19 | TradingSystem | ERROR    | analyze_symbol  | ❌ 214450 분석 실패: 'dict' object has no attribute 'symbol'
2025-07-05 09:53:27 | TradingSystem | ERROR    | analyze_symbol  | ❌ 329180 분석 실패: 'dict' object has no attribute 'symbol'
2025-07-05 09:53:35 | TradingSystem | ERROR    | analyze_symbol  | ❌ 373220 분석 실패: 'dict' object has no attribute 'symbol'
2025-07-05 09:53:44 | TradingSystem | ERROR    | analyze_symbol  | ❌ 018670 분석 실패: 'dict' object has no attribute 'symbol'
2025-07-05 09:53:53 | TradingSystem | ERROR    | analyze_symbol  | ❌ 010120 분석 실패: 'dict' object has no attribute 'symbol'
2025-07-05 09:54:01 | TradingSystem | ERROR    | analyze_symbol  | ❌ 068270 분석 실패: 'dict' object has no attribute 'symbol'
2025-07-05 10:13:27 | TradingSystem | ERROR    | analyze_symbol  | ❌ 214450 분석 실패: 'dict' object has no attribute 'symbol'
2025-07-05 10:13:35 | TradingSystem | ERROR    | analyze_symbol  | ❌ 329180 분석 실패: 'dict' object has no attribute 'symbol'
2025-07-05 10:13:44 | TradingSystem | ERROR    | analyze_symbol  | ❌ 373220 분석 실패: 'dict' object has no attribute 'symbol'
2025-07-05 10:13:53 | TradingSystem | ERROR    | analyze_symbol  | ❌ 018670 분석 실패: 'dict' object has no attribute 'symbol'
2025-07-05 10:19:52 | TradingSystem | ERROR    | analyze_symbol  | ❌ 214450 분석 실패: 'dict' object has no attribute 'symbol'
2025-07-05 10:22:03 | TradingSystem | ERROR    | analyze_symbol  | ❌ 214450 분석 실패: 'dict' object has no attribute 'symbol'
2025-07-05 10:22:09 | TradingSystem | ERROR    | analyze_symbol  | ❌ 329180 분석 실패: 'dict' object has no attribute 'symbol'
2025-07-05 10:22:15 | TradingSystem | ERROR    | analyze_symbol  | ❌ 373220 분석 실패: 'dict' object has no attribute 'symbol'
2025-07-05 10:45:41 | TradingSystem | ERROR    | analyze_symbol  | ❌ 214450 분석 실패: 'dict' object has no attribute 'symbol'
2025-07-05 10:45:50 | TradingSystem | ERROR    | analyze_symbol  | ❌ 004370 분석 실패: 'dict' object has no attribute 'symbol'
2025-07-05 10:46:00 | TradingSystem | ERROR    | analyze_symbol  | ❌ 329180 분석 실패: 'dict' object has no attribute 'symbol'
2025-07-05 10:46:09 | TradingSystem | ERROR    | analyze_symbol  | ❌ 005490 분석 실패: 'dict' object has no attribute 'symbol'
2025-07-05 10:46:19 | TradingSystem | ERROR    | analyze_symbol  | ❌ 018670 분석 실패: 'dict' object has no attribute 'symbol'
2025-07-05 10:46:30 | TradingSystem | ERROR    | analyze_symbol  | ❌ 357780 분석 실패: 'dict' object has no attribute 'symbol'
2025-07-05 10:46:39 | TradingSystem | ERROR    | analyze_symbol  | ❌ 064350 분석 실패: 'dict' object has no attribute 'symbol'
2025-07-05 10:46:49 | TradingSystem | ERROR    | analyze_symbol  | ❌ 402340 분석 실패: 'dict' object has no attribute 'symbol'
2025-07-05 10:46:58 | TradingSystem | ERROR    | analyze_symbol  | ❌ 028260 분석 실패: 'dict' object has no attribute 'symbol'
2025-07-05 10:47:08 | TradingSystem | ERROR    | analyze_symbol  | ❌ 005387 분석 실패: 'dict' object has no attribute 'symbol'
2025-07-05 10:47:17 | TradingSystem | ERROR    | analyze_symbol  | ❌ 051915 분석 실패: 'dict' object has no attribute 'symbol'
2025-07-05 10:47:26 | TradingSystem | ERROR    | analyze_symbol  | ❌ 041510 분석 실패: 'dict' object has no attribute 'symbol'
2025-07-05 10:47:35 | TradingSystem | ERROR    | analyze_symbol  | ❌ 271560 분석 실패: 'dict' object has no attribute 'symbol'
2025-07-05 10:47:44 | TradingSystem | ERROR    | analyze_symbol  | ❌ 064760 분석 실패: 'dict' object has no attribute 'symbol'
2025-07-05 10:47:53 | TradingSystem | ERROR    | analyze_symbol  | ❌ 021240 분석 실패: 'dict' object has no attribute 'symbol'
2025-07-05 10:48:01 | TradingSystem | ERROR    | analyze_symbol  | ❌ 161890 분석 실패: 'dict' object has no attribute 'symbol'
2025-07-05 10:48:10 | TradingSystem | ERROR    | analyze_symbol  | ❌ 086790 분석 실패: 'dict' object has no attribute 'symbol'
2025-07-05 10:48:18 | TradingSystem | ERROR    | analyze_symbol  | ❌ 047810 분석 실패: 'dict' object has no attribute 'symbol'
2025-07-05 10:48:27 | TradingSystem | ERROR    | analyze_symbol  | ❌ 383220 분석 실패: 'dict' object has no attribute 'symbol'
2025-07-05 10:48:36 | TradingSystem | ERROR    | analyze_symbol  | ❌ 069960 분석 실패: 'dict' object has no attribute 'symbol'
2025-07-05 10:48:44 | TradingSystem | ERROR    | analyze_symbol  | ❌ 035900 분석 실패: 'dict' object has no attribute 'symbol'
2025-07-05 10:48:53 | TradingSystem | ERROR    | analyze_symbol  | ❌ 000720 분석 실패: 'dict' object has no attribute 'symbol'
2025-07-05 10:49:02 | TradingSystem | ERROR    | analyze_symbol  | ❌ 065350 분석 실패: 'dict' object has no attribute 'symbol'
2025-07-05 10:49:11 | TradingSystem | ERROR    | analyze_symbol  | ❌ 454910 분석 실패: 'dict' object has no attribute 'symbol'
2025-07-05 10:49:20 | TradingSystem | ERROR    | analyze_symbol  | ❌ 010950 분석 실패: 'dict' object has no attribute 'symbol'
2025-07-05 10:49:29 | TradingSystem | ERROR    | analyze_symbol  | ❌ 082270 분석 실패: 'dict' object has no attribute 'symbol'
2025-07-05 10:49:38 | TradingSystem | ERROR    | analyze_symbol  | ❌ 006120 분석 실패: 'dict' object has no attribute 'symbol'
2025-07-05 10:49:47 | TradingSystem | ERROR    | analyze_symbol  | ❌ 376300 분석 실패: 'dict' object has no attribute 'symbol'
2025-07-05 10:49:56 | TradingSystem | ERROR    | analyze_symbol  | ❌ 017670 분석 실패: 'dict' object has no attribute 'symbol'
2025-07-05 10:50:05 | TradingSystem | ERROR    | analyze_symbol  | ❌ 272210 분석 실패: 'dict' object has no attribute 'symbol'
2025-07-05 10:50:14 | TradingSystem | ERROR    | analyze_symbol  | ❌ 302440 분석 실패: 'dict' object has no attribute 'symbol'
2025-07-05 10:50:22 | TradingSystem | ERROR    | analyze_symbol  | ❌ 036460 분석 실패: 'dict' object has no attribute 'symbol'
2025-07-05 10:50:31 | TradingSystem | ERROR    | analyze_symbol  | ❌ 071970 분석 실패: 'dict' object has no attribute 'symbol'
2025-07-05 10:50:39 | TradingSystem | ERROR    | analyze_symbol  | ❌ 103590 분석 실패: 'dict' object has no attribute 'symbol'
2025-07-05 10:50:49 | TradingSystem | ERROR    | analyze_symbol  | ❌ 160190 분석 실패: 'dict' object has no attribute 'symbol'
2025-07-05 10:50:58 | TradingSystem | ERROR    | analyze_symbol  | ❌ 192400 분석 실패: 'dict' object has no attribute 'symbol'
2025-07-05 10:51:07 | TradingSystem | ERROR    | analyze_symbol  | ❌ 039200 분석 실패: 'dict' object has no attribute 'symbol'
2025-07-05 10:51:15 | TradingSystem | ERROR    | analyze_symbol  | ❌ 323410 분석 실패: 'dict' object has no attribute 'symbol'
2025-07-05 10:51:25 | TradingSystem | ERROR    | analyze_symbol  | ❌ 007390 분석 실패: 'dict' object has no attribute 'symbol'
2025-07-05 10:51:33 | TradingSystem | ERROR    | analyze_symbol  | ❌ 003540 분석 실패: 'dict' object has no attribute 'symbol'
2025-07-05 10:52:26 | TradingSystem | ERROR    | analyze_symbol  | ❌ 214450 전체 분석 실패: 'TradingSystem' object has no attribute 'safe_get_attr'
2025-07-05 10:52:31 | TradingSystem | ERROR    | analyze_symbol  | ❌ 004370 전체 분석 실패: 'TradingSystem' object has no attribute 'safe_get_attr'
2025-07-05 10:52:35 | TradingSystem | ERROR    | analyze_symbol  | ❌ 329180 전체 분석 실패: 'TradingSystem' object has no attribute 'safe_get_attr'
2025-07-05 10:52:39 | TradingSystem | ERROR    | analyze_symbol  | ❌ 005490 전체 분석 실패: 'TradingSystem' object has no attribute 'safe_get_attr'
2025-07-05 10:52:44 | TradingSystem | ERROR    | analyze_symbol  | ❌ 018670 전체 분석 실패: 'TradingSystem' object has no attribute 'safe_get_attr'
2025-07-05 10:52:49 | TradingSystem | ERROR    | analyze_symbol  | ❌ 357780 전체 분석 실패: 'TradingSystem' object has no attribute 'safe_get_attr'
2025-07-05 10:52:53 | TradingSystem | ERROR    | analyze_symbol  | ❌ 064350 전체 분석 실패: 'TradingSystem' object has no attribute 'safe_get_attr'
2025-07-05 10:52:57 | TradingSystem | ERROR    | analyze_symbol  | ❌ 402340 전체 분석 실패: 'TradingSystem' object has no attribute 'safe_get_attr'
2025-07-05 10:53:02 | TradingSystem | ERROR    | analyze_symbol  | ❌ 028260 전체 분석 실패: 'TradingSystem' object has no attribute 'safe_get_attr'
2025-07-05 10:53:06 | TradingSystem | ERROR    | analyze_symbol  | ❌ 005387 전체 분석 실패: 'TradingSystem' object has no attribute 'safe_get_attr'
2025-07-05 10:53:11 | TradingSystem | ERROR    | analyze_symbol  | ❌ 051915 전체 분석 실패: 'TradingSystem' object has no attribute 'safe_get_attr'
2025-07-05 11:00:49 | TradingSystem | ERROR    | run_market_analysis | ❌ 시장 분석 실패: 'TradingSystem' object has no attribute '_send_analysis_notification'
2025-07-05 11:09:46 | TradingSystem | ERROR    | run_market_analysis | ❌ 시장 분석 실패: 'TradingSystem' object has no attribute '_send_analysis_notification'
2025-07-05 17:31:08 | TradingSystem | ERROR    | initialize_components | ❌ 컴포넌트 초기화 실패: name 'get_logger' is not defined
2025-07-05 18:31:10 | SmartKISCollector | ERROR    | request_new_token | ❌ 토큰 발급 실패: 'NoneType' object has no attribute 'post'
2025-07-05 18:31:10 | SmartKISCollector | ERROR    | request_new_token | ❌ 토큰 발급 실패: 'NoneType' object has no attribute 'post'
2025-07-05 18:31:10 | SmartKISCollector | ERROR    | request_new_token | ❌ 토큰 발급 실패: 'NoneType' object has no attribute 'post'
2025-07-05 18:31:10 | SmartKISCollector | ERROR    | request_new_token | ❌ 토큰 발급 실패: 'NoneType' object has no attribute 'post'
2025-07-05 18:31:10 | SmartKISCollector | ERROR    | request_new_token | ❌ 토큰 발급 실패: 'NoneType' object has no attribute 'post'
2025-07-05 18:31:10 | SmartKISCollector | ERROR    | request_new_token | ❌ 토큰 발급 실패: 'NoneType' object has no attribute 'post'
2025-07-05 18:31:10 | SmartKISCollector | ERROR    | request_new_token | ❌ 토큰 발급 실패: 'NoneType' object has no attribute 'post'
2025-07-05 18:31:10 | SmartKISCollector | ERROR    | request_new_token | ❌ 토큰 발급 실패: 'NoneType' object has no attribute 'post'
2025-07-05 18:31:10 | SmartKISCollector | ERROR    | request_new_token | ❌ 토큰 발급 실패: 'NoneType' object has no attribute 'post'
2025-07-05 18:31:10 | SmartKISCollector | ERROR    | request_new_token | ❌ 토큰 발급 실패: 'NoneType' object has no attribute 'post'
2025-07-05 18:31:10 | SmartKISCollector | ERROR    | request_new_token | ❌ 토큰 발급 실패: 'NoneType' object has no attribute 'post'
2025-07-05 18:31:10 | SmartKISCollector | ERROR    | request_new_token | ❌ 토큰 발급 실패: 'NoneType' object has no attribute 'post'
2025-07-05 18:31:10 | SmartKISCollector | ERROR    | request_new_token | ❌ 토큰 발급 실패: 'NoneType' object has no attribute 'post'
2025-07-05 18:31:10 | SmartKISCollector | ERROR    | request_new_token | ❌ 토큰 발급 실패: 'NoneType' object has no attribute 'post'
2025-07-05 18:31:10 | SmartKISCollector | ERROR    | request_new_token | ❌ 토큰 발급 실패: 'NoneType' object has no attribute 'post'
2025-07-05 18:31:10 | SmartKISCollector | ERROR    | request_new_token | ❌ 토큰 발급 실패: 'NoneType' object has no attribute 'post'
2025-07-05 18:31:10 | SmartKISCollector | ERROR    | request_new_token | ❌ 토큰 발급 실패: 'NoneType' object has no attribute 'post'
2025-07-05 18:31:10 | SmartKISCollector | ERROR    | request_new_token | ❌ 토큰 발급 실패: 'NoneType' object has no attribute 'post'
2025-07-05 18:31:10 | SmartKISCollector | ERROR    | request_new_token | ❌ 토큰 발급 실패: 'NoneType' object has no attribute 'post'
2025-07-05 18:31:10 | SmartKISCollector | ERROR    | request_new_token | ❌ 토큰 발급 실패: 'NoneType' object has no attribute 'post'
2025-07-05 18:31:11 | SmartKISCollector | ERROR    | request_new_token | ❌ 토큰 발급 실패: 'NoneType' object has no attribute 'post'
2025-07-05 18:31:11 | SmartKISCollector | ERROR    | request_new_token | ❌ 토큰 발급 실패: 'NoneType' object has no attribute 'post'
2025-07-05 18:31:11 | SmartKISCollector | ERROR    | request_new_token | ❌ 토큰 발급 실패: 'NoneType' object has no attribute 'post'
2025-07-05 18:31:11 | SmartKISCollector | ERROR    | request_new_token | ❌ 토큰 발급 실패: 'NoneType' object has no attribute 'post'
2025-07-05 18:31:11 | SmartKISCollector | ERROR    | request_new_token | ❌ 토큰 발급 실패: 'NoneType' object has no attribute 'post'
2025-07-05 18:31:11 | SmartKISCollector | ERROR    | request_new_token | ❌ 토큰 발급 실패: 'NoneType' object has no attribute 'post'
2025-07-05 18:31:11 | SmartKISCollector | ERROR    | request_new_token | ❌ 토큰 발급 실패: 'NoneType' object has no attribute 'post'
2025-07-05 18:31:11 | SmartKISCollector | ERROR    | request_new_token | ❌ 토큰 발급 실패: 'NoneType' object has no attribute 'post'
2025-07-05 18:31:11 | SmartKISCollector | ERROR    | request_new_token | ❌ 토큰 발급 실패: 'NoneType' object has no attribute 'post'
2025-07-05 18:31:11 | SmartKISCollector | ERROR    | request_new_token | ❌ 토큰 발급 실패: 'NoneType' object has no attribute 'post'
2025-07-05 18:31:11 | SmartKISCollector | ERROR    | request_new_token | ❌ 토큰 발급 실패: 'NoneType' object has no attribute 'post'
2025-07-05 18:31:11 | SmartKISCollector | ERROR    | request_new_token | ❌ 토큰 발급 실패: 'NoneType' object has no attribute 'post'
2025-07-05 18:31:11 | SmartKISCollector | ERROR    | request_new_token | ❌ 토큰 발급 실패: 'NoneType' object has no attribute 'post'
2025-07-05 18:31:11 | SmartKISCollector | ERROR    | request_new_token | ❌ 토큰 발급 실패: 'NoneType' object has no attribute 'post'
2025-07-05 18:31:11 | SmartKISCollector | ERROR    | request_new_token | ❌ 토큰 발급 실패: 'NoneType' object has no attribute 'post'
2025-07-05 18:31:11 | SmartKISCollector | ERROR    | request_new_token | ❌ 토큰 발급 실패: 'NoneType' object has no attribute 'post'
2025-07-05 18:31:11 | SmartKISCollector | ERROR    | request_new_token | ❌ 토큰 발급 실패: 'NoneType' object has no attribute 'post'
2025-07-05 18:31:11 | SmartKISCollector | ERROR    | request_new_token | ❌ 토큰 발급 실패: 'NoneType' object has no attribute 'post'
2025-07-05 18:31:11 | SmartKISCollector | ERROR    | request_new_token | ❌ 토큰 발급 실패: 'NoneType' object has no attribute 'post'
2025-07-05 18:31:11 | SmartKISCollector | ERROR    | request_new_token | ❌ 토큰 발급 실패: 'NoneType' object has no attribute 'post'
2025-07-05 18:31:11 | SmartKISCollector | ERROR    | request_new_token | ❌ 토큰 발급 실패: 'NoneType' object has no attribute 'post'
2025-07-05 18:31:11 | SmartKISCollector | ERROR    | request_new_token | ❌ 토큰 발급 실패: 'NoneType' object has no attribute 'post'
2025-07-05 18:31:11 | SmartKISCollector | ERROR    | request_new_token | ❌ 토큰 발급 실패: 'NoneType' object has no attribute 'post'
2025-07-05 18:31:11 | SmartKISCollector | ERROR    | request_new_token | ❌ 토큰 발급 실패: 'NoneType' object has no attribute 'post'
2025-07-05 18:31:11 | SmartKISCollector | ERROR    | request_new_token | ❌ 토큰 발급 실패: 'NoneType' object has no attribute 'post'
2025-07-05 18:31:11 | SmartKISCollector | ERROR    | request_new_token | ❌ 토큰 발급 실패: 'NoneType' object has no attribute 'post'
2025-07-05 18:31:11 | SmartKISCollector | ERROR    | request_new_token | ❌ 토큰 발급 실패: 'NoneType' object has no attribute 'post'
2025-07-05 18:31:11 | SmartKISCollector | ERROR    | request_new_token | ❌ 토큰 발급 실패: 'NoneType' object has no attribute 'post'
2025-07-05 18:31:11 | SmartKISCollector | ERROR    | request_new_token | ❌ 토큰 발급 실패: 'NoneType' object has no attribute 'post'
2025-07-05 18:31:11 | SmartKISCollector | ERROR    | request_new_token | ❌ 토큰 발급 실패: 'NoneType' object has no attribute 'post'
2025-07-05 18:31:11 | SmartKISCollector | ERROR    | request_new_token | ❌ 토큰 발급 실패: 'NoneType' object has no attribute 'post'
2025-07-05 18:31:11 | SmartKISCollector | ERROR    | request_new_token | ❌ 토큰 발급 실패: 'NoneType' object has no attribute 'post'
2025-07-05 18:31:11 | SmartKISCollector | ERROR    | request_new_token | ❌ 토큰 발급 실패: 'NoneType' object has no attribute 'post'
2025-07-05 18:31:11 | SmartKISCollector | ERROR    | request_new_token | ❌ 토큰 발급 실패: 'NoneType' object has no attribute 'post'
2025-07-05 18:31:11 | SmartKISCollector | ERROR    | request_new_token | ❌ 토큰 발급 실패: 'NoneType' object has no attribute 'post'
2025-07-05 18:31:11 | SmartKISCollector | ERROR    | request_new_token | ❌ 토큰 발급 실패: 'NoneType' object has no attribute 'post'
2025-07-05 18:31:11 | SmartKISCollector | ERROR    | request_new_token | ❌ 토큰 발급 실패: 'NoneType' object has no attribute 'post'
2025-07-05 18:31:11 | SmartKISCollector | ERROR    | request_new_token | ❌ 토큰 발급 실패: 'NoneType' object has no attribute 'post'
2025-07-05 18:31:11 | SmartKISCollector | ERROR    | request_new_token | ❌ 토큰 발급 실패: 'NoneType' object has no attribute 'post'
2025-07-05 18:31:11 | SmartKISCollector | ERROR    | request_new_token | ❌ 토큰 발급 실패: 'NoneType' object has no attribute 'post'
2025-07-05 18:31:11 | SmartKISCollector | ERROR    | request_new_token | ❌ 토큰 발급 실패: 'NoneType' object has no attribute 'post'
2025-07-05 18:31:11 | SmartKISCollector | ERROR    | request_new_token | ❌ 토큰 발급 실패: 'NoneType' object has no attribute 'post'
2025-07-05 18:31:11 | SmartKISCollector | ERROR    | request_new_token | ❌ 토큰 발급 실패: 'NoneType' object has no attribute 'post'
2025-07-05 18:31:11 | SmartKISCollector | ERROR    | request_new_token | ❌ 토큰 발급 실패: 'NoneType' object has no attribute 'post'
2025-07-05 18:31:11 | SmartKISCollector | ERROR    | request_new_token | ❌ 토큰 발급 실패: 'NoneType' object has no attribute 'post'
2025-07-05 18:31:12 | SmartKISCollector | ERROR    | request_new_token | ❌ 토큰 발급 실패: 'NoneType' object has no attribute 'post'
2025-07-05 18:31:12 | SmartKISCollector | ERROR    | request_new_token | ❌ 토큰 발급 실패: 'NoneType' object has no attribute 'post'
2025-07-05 18:31:12 | SmartKISCollector | ERROR    | request_new_token | ❌ 토큰 발급 실패: 'NoneType' object has no attribute 'post'
2025-07-05 18:31:12 | SmartKISCollector | ERROR    | request_new_token | ❌ 토큰 발급 실패: 'NoneType' object has no attribute 'post'
2025-07-05 18:31:12 | SmartKISCollector | ERROR    | request_new_token | ❌ 토큰 발급 실패: 'NoneType' object has no attribute 'post'
2025-07-05 18:31:12 | SmartKISCollector | ERROR    | request_new_token | ❌ 토큰 발급 실패: 'NoneType' object has no attribute 'post'
2025-07-05 18:31:12 | SmartKISCollector | ERROR    | request_new_token | ❌ 토큰 발급 실패: 'NoneType' object has no attribute 'post'
2025-07-05 18:31:12 | SmartKISCollector | ERROR    | request_new_token | ❌ 토큰 발급 실패: 'NoneType' object has no attribute 'post'
2025-07-05 18:31:12 | SmartKISCollector | ERROR    | request_new_token | ❌ 토큰 발급 실패: 'NoneType' object has no attribute 'post'
2025-07-05 18:31:12 | SmartKISCollector | ERROR    | request_new_token | ❌ 토큰 발급 실패: 'NoneType' object has no attribute 'post'
2025-07-05 18:31:12 | SmartKISCollector | ERROR    | request_new_token | ❌ 토큰 발급 실패: 'NoneType' object has no attribute 'post'
2025-07-05 18:31:12 | SmartKISCollector | ERROR    | request_new_token | ❌ 토큰 발급 실패: 'NoneType' object has no attribute 'post'
2025-07-05 18:31:12 | SmartKISCollector | ERROR    | request_new_token | ❌ 토큰 발급 실패: 'NoneType' object has no attribute 'post'
2025-07-05 18:31:12 | SmartKISCollector | ERROR    | request_new_token | ❌ 토큰 발급 실패: 'NoneType' object has no attribute 'post'
2025-07-05 18:31:12 | SmartKISCollector | ERROR    | request_new_token | ❌ 토큰 발급 실패: 'NoneType' object has no attribute 'post'
2025-07-05 18:31:12 | SmartKISCollector | ERROR    | request_new_token | ❌ 토큰 발급 실패: 'NoneType' object has no attribute 'post'
2025-07-05 18:31:12 | SmartKISCollector | ERROR    | request_new_token | ❌ 토큰 발급 실패: 'NoneType' object has no attribute 'post'
2025-07-05 18:31:12 | SmartKISCollector | ERROR    | request_new_token | ❌ 토큰 발급 실패: 'NoneType' object has no attribute 'post'
2025-07-05 18:31:12 | SmartKISCollector | ERROR    | request_new_token | ❌ 토큰 발급 실패: 'NoneType' object has no attribute 'post'
2025-07-05 18:31:12 | SmartKISCollector | ERROR    | request_new_token | ❌ 토큰 발급 실패: 'NoneType' object has no attribute 'post'
2025-07-05 18:31:12 | SmartKISCollector | ERROR    | request_new_token | ❌ 토큰 발급 실패: 'NoneType' object has no attribute 'post'
2025-07-05 18:31:12 | SmartKISCollector | ERROR    | request_new_token | ❌ 토큰 발급 실패: 'NoneType' object has no attribute 'post'
2025-07-05 18:31:12 | SmartKISCollector | ERROR    | request_new_token | ❌ 토큰 발급 실패: 'NoneType' object has no attribute 'post'
2025-07-05 18:31:12 | SmartKISCollector | ERROR    | request_new_token | ❌ 토큰 발급 실패: 'NoneType' object has no attribute 'post'
2025-07-05 18:31:12 | SmartKISCollector | ERROR    | request_new_token | ❌ 토큰 발급 실패: 'NoneType' object has no attribute 'post'
2025-07-05 18:31:12 | SmartKISCollector | ERROR    | request_new_token | ❌ 토큰 발급 실패: 'NoneType' object has no attribute 'post'
2025-07-05 18:31:12 | SmartKISCollector | ERROR    | request_new_token | ❌ 토큰 발급 실패: 'NoneType' object has no attribute 'post'
2025-07-05 18:31:12 | SmartKISCollector | ERROR    | request_new_token | ❌ 토큰 발급 실패: 'NoneType' object has no attribute 'post'
2025-07-05 18:31:12 | SmartKISCollector | ERROR    | request_new_token | ❌ 토큰 발급 실패: 'NoneType' object has no attribute 'post'
2025-07-05 18:31:12 | SmartKISCollector | ERROR    | request_new_token | ❌ 토큰 발급 실패: 'NoneType' object has no attribute 'post'
2025-07-05 18:31:12 | SmartKISCollector | ERROR    | request_new_token | ❌ 토큰 발급 실패: 'NoneType' object has no attribute 'post'
2025-07-05 18:31:12 | SmartKISCollector | ERROR    | request_new_token | ❌ 토큰 발급 실패: 'NoneType' object has no attribute 'post'
2025-07-05 18:31:12 | SmartKISCollector | ERROR    | request_new_token | ❌ 토큰 발급 실패: 'NoneType' object has no attribute 'post'
2025-07-05 18:31:12 | SmartKISCollector | ERROR    | request_new_token | ❌ 토큰 발급 실패: 'NoneType' object has no attribute 'post'
2025-07-05 18:31:12 | SmartKISCollector | ERROR    | request_new_token | ❌ 토큰 발급 실패: 'NoneType' object has no attribute 'post'
2025-07-05 18:31:12 | SmartKISCollector | ERROR    | request_new_token | ❌ 토큰 발급 실패: 'NoneType' object has no attribute 'post'
2025-07-05 18:31:12 | SmartKISCollector | ERROR    | request_new_token | ❌ 토큰 발급 실패: 'NoneType' object has no attribute 'post'
2025-07-05 18:31:12 | SmartKISCollector | ERROR    | request_new_token | ❌ 토큰 발급 실패: 'NoneType' object has no attribute 'post'
2025-07-05 18:31:12 | SmartKISCollector | ERROR    | request_new_token | ❌ 토큰 발급 실패: 'NoneType' object has no attribute 'post'
2025-07-05 18:31:12 | SmartKISCollector | ERROR    | request_new_token | ❌ 토큰 발급 실패: 'NoneType' object has no attribute 'post'
2025-07-05 18:31:12 | SmartKISCollector | ERROR    | request_new_token | ❌ 토큰 발급 실패: 'NoneType' object has no attribute 'post'
2025-07-05 18:31:12 | SmartKISCollector | ERROR    | request_new_token | ❌ 토큰 발급 실패: 'NoneType' object has no attribute 'post'
2025-07-05 18:31:12 | SmartKISCollector | ERROR    | request_new_token | ❌ 토큰 발급 실패: 'NoneType' object has no attribute 'post'
2025-07-05 18:31:12 | SmartKISCollector | ERROR    | request_new_token | ❌ 토큰 발급 실패: 'NoneType' object has no attribute 'post'
2025-07-05 18:31:12 | SmartKISCollector | ERROR    | request_new_token | ❌ 토큰 발급 실패: 'NoneType' object has no attribute 'post'
2025-07-05 18:31:12 | SmartKISCollector | ERROR    | request_new_token | ❌ 토큰 발급 실패: 'NoneType' object has no attribute 'post'
2025-07-05 18:31:13 | SmartKISCollector | ERROR    | request_new_token | ❌ 토큰 발급 실패: 'NoneType' object has no attribute 'post'
2025-07-05 18:31:13 | SmartKISCollector | ERROR    | request_new_token | ❌ 토큰 발급 실패: 'NoneType' object has no attribute 'post'
2025-07-05 18:31:13 | SmartKISCollector | ERROR    | request_new_token | ❌ 토큰 발급 실패: 'NoneType' object has no attribute 'post'
2025-07-05 18:31:13 | SmartKISCollector | ERROR    | request_new_token | ❌ 토큰 발급 실패: 'NoneType' object has no attribute 'post'
2025-07-05 18:31:13 | SmartKISCollector | ERROR    | request_new_token | ❌ 토큰 발급 실패: 'NoneType' object has no attribute 'post'
2025-07-05 18:31:13 | SmartKISCollector | ERROR    | request_new_token | ❌ 토큰 발급 실패: 'NoneType' object has no attribute 'post'
2025-07-05 18:31:13 | SmartKISCollector | ERROR    | request_new_token | ❌ 토큰 발급 실패: 'NoneType' object has no attribute 'post'
2025-07-05 18:31:13 | SmartKISCollector | ERROR    | request_new_token | ❌ 토큰 발급 실패: 'NoneType' object has no attribute 'post'
2025-07-05 18:31:13 | SmartKISCollector | ERROR    | request_new_token | ❌ 토큰 발급 실패: 'NoneType' object has no attribute 'post'
2025-07-05 18:31:13 | SmartKISCollector | ERROR    | request_new_token | ❌ 토큰 발급 실패: 'NoneType' object has no attribute 'post'
2025-07-05 18:31:13 | SmartKISCollector | ERROR    | request_new_token | ❌ 토큰 발급 실패: 'NoneType' object has no attribute 'post'
2025-07-05 18:31:13 | SmartKISCollector | ERROR    | request_new_token | ❌ 토큰 발급 실패: 'NoneType' object has no attribute 'post'
2025-07-05 18:31:13 | SmartKISCollector | ERROR    | request_new_token | ❌ 토큰 발급 실패: 'NoneType' object has no attribute 'post'
2025-07-05 18:31:13 | SmartKISCollector | ERROR    | request_new_token | ❌ 토큰 발급 실패: 'NoneType' object has no attribute 'post'
2025-07-05 18:31:13 | SmartKISCollector | ERROR    | request_new_token | ❌ 토큰 발급 실패: 'NoneType' object has no attribute 'post'
2025-07-05 18:31:13 | SmartKISCollector | ERROR    | request_new_token | ❌ 토큰 발급 실패: 'NoneType' object has no attribute 'post'
2025-07-05 18:31:13 | SmartKISCollector | ERROR    | request_new_token | ❌ 토큰 발급 실패: 'NoneType' object has no attribute 'post'
2025-07-05 18:31:13 | SmartKISCollector | ERROR    | request_new_token | ❌ 토큰 발급 실패: 'NoneType' object has no attribute 'post'
2025-07-05 18:31:13 | SmartKISCollector | ERROR    | request_new_token | ❌ 토큰 발급 실패: 'NoneType' object has no attribute 'post'
2025-07-05 18:31:13 | SmartKISCollector | ERROR    | request_new_token | ❌ 토큰 발급 실패: 'NoneType' object has no attribute 'post'
2025-07-05 18:31:13 | SmartKISCollector | ERROR    | request_new_token | ❌ 토큰 발급 실패: 'NoneType' object has no attribute 'post'
2025-07-05 18:31:13 | SmartKISCollector | ERROR    | request_new_token | ❌ 토큰 발급 실패: 'NoneType' object has no attribute 'post'
2025-07-05 18:31:13 | SmartKISCollector | ERROR    | request_new_token | ❌ 토큰 발급 실패: 'NoneType' object has no attribute 'post'
2025-07-05 18:31:13 | SmartKISCollector | ERROR    | request_new_token | ❌ 토큰 발급 실패: 'NoneType' object has no attribute 'post'
2025-07-05 18:31:13 | SmartKISCollector | ERROR    | request_new_token | ❌ 토큰 발급 실패: 'NoneType' object has no attribute 'post'
2025-07-05 18:31:13 | SmartKISCollector | ERROR    | request_new_token | ❌ 토큰 발급 실패: 'NoneType' object has no attribute 'post'
2025-07-05 18:31:13 | SmartKISCollector | ERROR    | request_new_token | ❌ 토큰 발급 실패: 'NoneType' object has no attribute 'post'
2025-07-05 18:31:13 | SmartKISCollector | ERROR    | request_new_token | ❌ 토큰 발급 실패: 'NoneType' object has no attribute 'post'
2025-07-05 18:31:13 | SmartKISCollector | ERROR    | request_new_token | ❌ 토큰 발급 실패: 'NoneType' object has no attribute 'post'
2025-07-05 18:31:13 | SmartKISCollector | ERROR    | request_new_token | ❌ 토큰 발급 실패: 'NoneType' object has no attribute 'post'
2025-07-05 18:31:13 | SmartKISCollector | ERROR    | request_new_token | ❌ 토큰 발급 실패: 'NoneType' object has no attribute 'post'
2025-07-05 18:31:13 | SmartKISCollector | ERROR    | request_new_token | ❌ 토큰 발급 실패: 'NoneType' object has no attribute 'post'
2025-07-05 18:31:13 | SmartKISCollector | ERROR    | request_new_token | ❌ 토큰 발급 실패: 'NoneType' object has no attribute 'post'
2025-07-05 18:31:13 | SmartKISCollector | ERROR    | request_new_token | ❌ 토큰 발급 실패: 'NoneType' object has no attribute 'post'
2025-07-05 18:31:13 | SmartKISCollector | ERROR    | request_new_token | ❌ 토큰 발급 실패: 'NoneType' object has no attribute 'post'
2025-07-05 18:31:13 | SmartKISCollector | ERROR    | request_new_token | ❌ 토큰 발급 실패: 'NoneType' object has no attribute 'post'
2025-07-05 18:31:13 | SmartKISCollector | ERROR    | request_new_token | ❌ 토큰 발급 실패: 'NoneType' object has no attribute 'post'
2025-07-05 18:31:13 | SmartKISCollector | ERROR    | request_new_token | ❌ 토큰 발급 실패: 'NoneType' object has no attribute 'post'
2025-07-05 18:31:13 | SmartKISCollector | ERROR    | request_new_token | ❌ 토큰 발급 실패: 'NoneType' object has no attribute 'post'
2025-07-05 18:31:13 | SmartKISCollector | ERROR    | request_new_token | ❌ 토큰 발급 실패: 'NoneType' object has no attribute 'post'
2025-07-05 18:31:13 | SmartKISCollector | ERROR    | request_new_token | ❌ 토큰 발급 실패: 'NoneType' object has no attribute 'post'
2025-07-05 18:31:13 | SmartKISCollector | ERROR    | request_new_token | ❌ 토큰 발급 실패: 'NoneType' object has no attribute 'post'
2025-07-05 18:31:13 | SmartKISCollector | ERROR    | request_new_token | ❌ 토큰 발급 실패: 'NoneType' object has no attribute 'post'
2025-07-05 18:31:13 | SmartKISCollector | ERROR    | request_new_token | ❌ 토큰 발급 실패: 'NoneType' object has no attribute 'post'
2025-07-05 18:31:13 | SmartKISCollector | ERROR    | request_new_token | ❌ 토큰 발급 실패: 'NoneType' object has no attribute 'post'
2025-07-05 18:31:13 | SmartKISCollector | ERROR    | request_new_token | ❌ 토큰 발급 실패: 'NoneType' object has no attribute 'post'
2025-07-05 18:31:13 | SmartKISCollector | ERROR    | request_new_token | ❌ 토큰 발급 실패: 'NoneType' object has no attribute 'post'
2025-07-05 18:31:13 | SmartKISCollector | ERROR    | request_new_token | ❌ 토큰 발급 실패: 'NoneType' object has no attribute 'post'
2025-07-05 18:31:13 | SmartKISCollector | ERROR    | request_new_token | ❌ 토큰 발급 실패: 'NoneType' object has no attribute 'post'
2025-07-05 18:31:14 | SmartKISCollector | ERROR    | request_new_token | ❌ 토큰 발급 실패: 'NoneType' object has no attribute 'post'
2025-07-05 18:31:14 | SmartKISCollector | ERROR    | request_new_token | ❌ 토큰 발급 실패: 'NoneType' object has no attribute 'post'
2025-07-05 18:31:14 | SmartKISCollector | ERROR    | request_new_token | ❌ 토큰 발급 실패: 'NoneType' object has no attribute 'post'
2025-07-05 18:31:14 | SmartKISCollector | ERROR    | request_new_token | ❌ 토큰 발급 실패: 'NoneType' object has no attribute 'post'
2025-07-05 18:31:14 | SmartKISCollector | ERROR    | request_new_token | ❌ 토큰 발급 실패: 'NoneType' object has no attribute 'post'
2025-07-05 18:31:14 | SmartKISCollector | ERROR    | request_new_token | ❌ 토큰 발급 실패: 'NoneType' object has no attribute 'post'
2025-07-05 18:31:14 | SmartKISCollector | ERROR    | request_new_token | ❌ 토큰 발급 실패: 'NoneType' object has no attribute 'post'
2025-07-05 18:31:14 | SmartKISCollector | ERROR    | request_new_token | ❌ 토큰 발급 실패: 'NoneType' object has no attribute 'post'
2025-07-05 18:31:14 | SmartKISCollector | ERROR    | request_new_token | ❌ 토큰 발급 실패: 'NoneType' object has no attribute 'post'
2025-07-05 18:31:14 | SmartKISCollector | ERROR    | request_new_token | ❌ 토큰 발급 실패: 'NoneType' object has no attribute 'post'
2025-07-05 18:31:14 | SmartKISCollector | ERROR    | request_new_token | ❌ 토큰 발급 실패: 'NoneType' object has no attribute 'post'
2025-07-05 18:31:14 | SmartKISCollector | ERROR    | request_new_token | ❌ 토큰 발급 실패: 'NoneType' object has no attribute 'post'
2025-07-05 18:31:14 | SmartKISCollector | ERROR    | request_new_token | ❌ 토큰 발급 실패: 'NoneType' object has no attribute 'post'
2025-07-05 18:31:14 | SmartKISCollector | ERROR    | request_new_token | ❌ 토큰 발급 실패: 'NoneType' object has no attribute 'post'
2025-07-05 18:31:14 | SmartKISCollector | ERROR    | request_new_token | ❌ 토큰 발급 실패: 'NoneType' object has no attribute 'post'
2025-07-05 18:31:14 | SmartKISCollector | ERROR    | request_new_token | ❌ 토큰 발급 실패: 'NoneType' object has no attribute 'post'
2025-07-05 18:31:14 | SmartKISCollector | ERROR    | request_new_token | ❌ 토큰 발급 실패: 'NoneType' object has no attribute 'post'
2025-07-05 18:31:14 | SmartKISCollector | ERROR    | request_new_token | ❌ 토큰 발급 실패: 'NoneType' object has no attribute 'post'
2025-07-05 18:31:14 | SmartKISCollector | ERROR    | request_new_token | ❌ 토큰 발급 실패: 'NoneType' object has no attribute 'post'
2025-07-05 18:31:14 | SmartKISCollector | ERROR    | request_new_token | ❌ 토큰 발급 실패: 'NoneType' object has no attribute 'post'
2025-07-05 18:31:14 | SmartKISCollector | ERROR    | request_new_token | ❌ 토큰 발급 실패: 'NoneType' object has no attribute 'post'
2025-07-05 18:31:14 | SmartKISCollector | ERROR    | request_new_token | ❌ 토큰 발급 실패: 'NoneType' object has no attribute 'post'
2025-07-05 18:31:14 | SmartKISCollector | ERROR    | request_new_token | ❌ 토큰 발급 실패: 'NoneType' object has no attribute 'post'
2025-07-05 18:31:14 | SmartKISCollector | ERROR    | request_new_token | ❌ 토큰 발급 실패: 'NoneType' object has no attribute 'post'
2025-07-05 18:31:14 | SmartKISCollector | ERROR    | request_new_token | ❌ 토큰 발급 실패: 'NoneType' object has no attribute 'post'
2025-07-05 18:31:14 | SmartKISCollector | ERROR    | request_new_token | ❌ 토큰 발급 실패: 'NoneType' object has no attribute 'post'
2025-07-05 18:31:14 | SmartKISCollector | ERROR    | request_new_token | ❌ 토큰 발급 실패: 'NoneType' object has no attribute 'post'
2025-07-05 18:31:14 | SmartKISCollector | ERROR    | request_new_token | ❌ 토큰 발급 실패: 'NoneType' object has no attribute 'post'
2025-07-05 18:31:14 | SmartKISCollector | ERROR    | request_new_token | ❌ 토큰 발급 실패: 'NoneType' object has no attribute 'post'
2025-07-05 18:31:14 | SmartKISCollector | ERROR    | request_new_token | ❌ 토큰 발급 실패: 'NoneType' object has no attribute 'post'
2025-07-05 18:31:14 | SmartKISCollector | ERROR    | request_new_token | ❌ 토큰 발급 실패: 'NoneType' object has no attribute 'post'
2025-07-05 18:31:14 | SmartKISCollector | ERROR    | request_new_token | ❌ 토큰 발급 실패: 'NoneType' object has no attribute 'post'
2025-07-05 18:31:14 | SmartKISCollector | ERROR    | request_new_token | ❌ 토큰 발급 실패: 'NoneType' object has no attribute 'post'
2025-07-05 18:31:14 | SmartKISCollector | ERROR    | request_new_token | ❌ 토큰 발급 실패: 'NoneType' object has no attribute 'post'
2025-07-05 18:31:14 | SmartKISCollector | ERROR    | request_new_token | ❌ 토큰 발급 실패: 'NoneType' object has no attribute 'post'
2025-07-05 18:31:14 | SmartKISCollector | ERROR    | request_new_token | ❌ 토큰 발급 실패: 'NoneType' object has no attribute 'post'
2025-07-05 18:31:14 | SmartKISCollector | ERROR    | request_new_token | ❌ 토큰 발급 실패: 'NoneType' object has no attribute 'post'
2025-07-05 18:31:14 | SmartKISCollector | ERROR    | request_new_token | ❌ 토큰 발급 실패: 'NoneType' object has no attribute 'post'
2025-07-05 18:31:14 | SmartKISCollector | ERROR    | request_new_token | ❌ 토큰 발급 실패: 'NoneType' object has no attribute 'post'
2025-07-05 18:31:14 | SmartKISCollector | ERROR    | request_new_token | ❌ 토큰 발급 실패: 'NoneType' object has no attribute 'post'
2025-07-05 18:31:14 | SmartKISCollector | ERROR    | request_new_token | ❌ 토큰 발급 실패: 'NoneType' object has no attribute 'post'
2025-07-05 18:31:14 | SmartKISCollector | ERROR    | request_new_token | ❌ 토큰 발급 실패: 'NoneType' object has no attribute 'post'
2025-07-05 18:31:14 | SmartKISCollector | ERROR    | request_new_token | ❌ 토큰 발급 실패: 'NoneType' object has no attribute 'post'
2025-07-05 18:31:14 | SmartKISCollector | ERROR    | request_new_token | ❌ 토큰 발급 실패: 'NoneType' object has no attribute 'post'
2025-07-05 18:31:14 | SmartKISCollector | ERROR    | request_new_token | ❌ 토큰 발급 실패: 'NoneType' object has no attribute 'post'
2025-07-05 18:31:15 | SmartKISCollector | ERROR    | request_new_token | ❌ 토큰 발급 실패: 'NoneType' object has no attribute 'post'
2025-07-05 18:31:15 | SmartKISCollector | ERROR    | request_new_token | ❌ 토큰 발급 실패: 'NoneType' object has no attribute 'post'
2025-07-05 18:31:15 | SmartKISCollector | ERROR    | request_new_token | ❌ 토큰 발급 실패: 'NoneType' object has no attribute 'post'
2025-07-05 18:31:15 | SmartKISCollector | ERROR    | request_new_token | ❌ 토큰 발급 실패: 'NoneType' object has no attribute 'post'
2025-07-05 18:31:15 | SmartKISCollector | ERROR    | request_new_token | ❌ 토큰 발급 실패: 'NoneType' object has no attribute 'post'
2025-07-05 18:31:15 | SmartKISCollector | ERROR    | request_new_token | ❌ 토큰 발급 실패: 'NoneType' object has no attribute 'post'
2025-07-05 18:31:15 | SmartKISCollector | ERROR    | request_new_token | ❌ 토큰 발급 실패: 'NoneType' object has no attribute 'post'
2025-07-05 18:31:15 | SmartKISCollector | ERROR    | request_new_token | ❌ 토큰 발급 실패: 'NoneType' object has no attribute 'post'
2025-07-05 18:31:15 | SmartKISCollector | ERROR    | request_new_token | ❌ 토큰 발급 실패: 'NoneType' object has no attribute 'post'
2025-07-05 18:31:15 | SmartKISCollector | ERROR    | request_new_token | ❌ 토큰 발급 실패: 'NoneType' object has no attribute 'post'
2025-07-05 18:31:15 | SmartKISCollector | ERROR    | request_new_token | ❌ 토큰 발급 실패: 'NoneType' object has no attribute 'post'
2025-07-05 18:31:15 | SmartKISCollector | ERROR    | request_new_token | ❌ 토큰 발급 실패: 'NoneType' object has no attribute 'post'
2025-07-05 18:31:15 | SmartKISCollector | ERROR    | request_new_token | ❌ 토큰 발급 실패: 'NoneType' object has no attribute 'post'
2025-07-05 18:31:15 | SmartKISCollector | ERROR    | request_new_token | ❌ 토큰 발급 실패: 'NoneType' object has no attribute 'post'
2025-07-05 18:31:15 | SmartKISCollector | ERROR    | request_new_token | ❌ 토큰 발급 실패: 'NoneType' object has no attribute 'post'
2025-07-05 18:31:15 | SmartKISCollector | ERROR    | request_new_token | ❌ 토큰 발급 실패: 'NoneType' object has no attribute 'post'
2025-07-05 18:31:15 | SmartKISCollector | ERROR    | request_new_token | ❌ 토큰 발급 실패: 'NoneType' object has no attribute 'post'
2025-07-05 18:31:15 | SmartKISCollector | ERROR    | request_new_token | ❌ 토큰 발급 실패: 'NoneType' object has no attribute 'post'
2025-07-05 18:31:15 | SmartKISCollector | ERROR    | request_new_token | ❌ 토큰 발급 실패: 'NoneType' object has no attribute 'post'
2025-07-05 18:31:15 | SmartKISCollector | ERROR    | request_new_token | ❌ 토큰 발급 실패: 'NoneType' object has no attribute 'post'
2025-07-05 18:31:15 | SmartKISCollector | ERROR    | request_new_token | ❌ 토큰 발급 실패: 'NoneType' object has no attribute 'post'
2025-07-05 18:31:15 | SmartKISCollector | ERROR    | request_new_token | ❌ 토큰 발급 실패: 'NoneType' object has no attribute 'post'
2025-07-05 18:31:15 | SmartKISCollector | ERROR    | request_new_token | ❌ 토큰 발급 실패: 'NoneType' object has no attribute 'post'
2025-07-05 18:31:15 | SmartKISCollector | ERROR    | request_new_token | ❌ 토큰 발급 실패: 'NoneType' object has no attribute 'post'
2025-07-05 18:31:15 | SmartKISCollector | ERROR    | request_new_token | ❌ 토큰 발급 실패: 'NoneType' object has no attribute 'post'
2025-07-05 18:31:15 | SmartKISCollector | ERROR    | request_new_token | ❌ 토큰 발급 실패: 'NoneType' object has no attribute 'post'
2025-07-05 18:31:15 | SmartKISCollector | ERROR    | request_new_token | ❌ 토큰 발급 실패: 'NoneType' object has no attribute 'post'
2025-07-05 18:31:15 | SmartKISCollector | ERROR    | request_new_token | ❌ 토큰 발급 실패: 'NoneType' object has no attribute 'post'
2025-07-05 18:31:15 | SmartKISCollector | ERROR    | request_new_token | ❌ 토큰 발급 실패: 'NoneType' object has no attribute 'post'
2025-07-05 18:31:15 | SmartKISCollector | ERROR    | request_new_token | ❌ 토큰 발급 실패: 'NoneType' object has no attribute 'post'
2025-07-05 18:31:15 | SmartKISCollector | ERROR    | request_new_token | ❌ 토큰 발급 실패: 'NoneType' object has no attribute 'post'
2025-07-05 18:31:15 | SmartKISCollector | ERROR    | request_new_token | ❌ 토큰 발급 실패: 'NoneType' object has no attribute 'post'
2025-07-05 18:31:15 | SmartKISCollector | ERROR    | request_new_token | ❌ 토큰 발급 실패: 'NoneType' object has no attribute 'post'
2025-07-05 18:31:15 | SmartKISCollector | ERROR    | request_new_token | ❌ 토큰 발급 실패: 'NoneType' object has no attribute 'post'
2025-07-05 18:31:15 | SmartKISCollector | ERROR    | request_new_token | ❌ 토큰 발급 실패: 'NoneType' object has no attribute 'post'
2025-07-05 18:31:15 | SmartKISCollector | ERROR    | request_new_token | ❌ 토큰 발급 실패: 'NoneType' object has no attribute 'post'
2025-07-05 18:31:15 | SmartKISCollector | ERROR    | request_new_token | ❌ 토큰 발급 실패: 'NoneType' object has no attribute 'post'
2025-07-05 18:31:15 | SmartKISCollector | ERROR    | request_new_token | ❌ 토큰 발급 실패: 'NoneType' object has no attribute 'post'
2025-07-05 18:31:15 | SmartKISCollector | ERROR    | request_new_token | ❌ 토큰 발급 실패: 'NoneType' object has no attribute 'post'
2025-07-05 18:31:15 | SmartKISCollector | ERROR    | request_new_token | ❌ 토큰 발급 실패: 'NoneType' object has no attribute 'post'
2025-07-05 18:31:15 | SmartKISCollector | ERROR    | request_new_token | ❌ 토큰 발급 실패: 'NoneType' object has no attribute 'post'
2025-07-05 18:31:15 | SmartKISCollector | ERROR    | request_new_token | ❌ 토큰 발급 실패: 'NoneType' object has no attribute 'post'
2025-07-05 18:31:15 | SmartKISCollector | ERROR    | request_new_token | ❌ 토큰 발급 실패: 'NoneType' object has no attribute 'post'
2025-07-05 18:31:15 | SmartKISCollector | ERROR    | request_new_token | ❌ 토큰 발급 실패: 'NoneType' object has no attribute 'post'
2025-07-05 18:31:15 | SmartKISCollector | ERROR    | request_new_token | ❌ 토큰 발급 실패: 'NoneType' object has no attribute 'post'
2025-07-05 18:31:16 | SmartKISCollector | ERROR    | request_new_token | ❌ 토큰 발급 실패: 'NoneType' object has no attribute 'post'
2025-07-05 18:31:16 | SmartKISCollector | ERROR    | request_new_token | ❌ 토큰 발급 실패: 'NoneType' object has no attribute 'post'
2025-07-05 18:31:16 | SmartKISCollector | ERROR    | request_new_token | ❌ 토큰 발급 실패: 'NoneType' object has no attribute 'post'
2025-07-05 18:31:16 | SmartKISCollector | ERROR    | request_new_token | ❌ 토큰 발급 실패: 'NoneType' object has no attribute 'post'
2025-07-05 18:31:16 | SmartKISCollector | ERROR    | request_new_token | ❌ 토큰 발급 실패: 'NoneType' object has no attribute 'post'
2025-07-05 18:31:16 | SmartKISCollector | ERROR    | request_new_token | ❌ 토큰 발급 실패: 'NoneType' object has no attribute 'post'
2025-07-05 18:31:16 | SmartKISCollector | ERROR    | request_new_token | ❌ 토큰 발급 실패: 'NoneType' object has no attribute 'post'
2025-07-05 18:31:16 | SmartKISCollector | ERROR    | request_new_token | ❌ 토큰 발급 실패: 'NoneType' object has no attribute 'post'
2025-07-05 18:31:16 | SmartKISCollector | ERROR    | request_new_token | ❌ 토큰 발급 실패: 'NoneType' object has no attribute 'post'
2025-07-05 18:31:16 | SmartKISCollector | ERROR    | request_new_token | ❌ 토큰 발급 실패: 'NoneType' object has no attribute 'post'
2025-07-05 18:31:16 | SmartKISCollector | ERROR    | request_new_token | ❌ 토큰 발급 실패: 'NoneType' object has no attribute 'post'
2025-07-05 18:31:16 | SmartKISCollector | ERROR    | request_new_token | ❌ 토큰 발급 실패: 'NoneType' object has no attribute 'post'
2025-07-05 18:31:16 | SmartKISCollector | ERROR    | request_new_token | ❌ 토큰 발급 실패: 'NoneType' object has no attribute 'post'
2025-07-05 18:31:16 | SmartKISCollector | ERROR    | request_new_token | ❌ 토큰 발급 실패: 'NoneType' object has no attribute 'post'
2025-07-05 18:31:16 | SmartKISCollector | ERROR    | request_new_token | ❌ 토큰 발급 실패: 'NoneType' object has no attribute 'post'
2025-07-05 18:31:16 | SmartKISCollector | ERROR    | request_new_token | ❌ 토큰 발급 실패: 'NoneType' object has no attribute 'post'
2025-07-05 18:31:16 | SmartKISCollector | ERROR    | request_new_token | ❌ 토큰 발급 실패: 'NoneType' object has no attribute 'post'
2025-07-05 18:31:16 | SmartKISCollector | ERROR    | request_new_token | ❌ 토큰 발급 실패: 'NoneType' object has no attribute 'post'
2025-07-05 18:31:16 | SmartKISCollector | ERROR    | request_new_token | ❌ 토큰 발급 실패: 'NoneType' object has no attribute 'post'
2025-07-05 18:31:16 | SmartKISCollector | ERROR    | request_new_token | ❌ 토큰 발급 실패: 'NoneType' object has no attribute 'post'
2025-07-05 18:31:16 | SmartKISCollector | ERROR    | request_new_token | ❌ 토큰 발급 실패: 'NoneType' object has no attribute 'post'
2025-07-05 18:31:16 | SmartKISCollector | ERROR    | request_new_token | ❌ 토큰 발급 실패: 'NoneType' object has no attribute 'post'
2025-07-05 18:31:16 | SmartKISCollector | ERROR    | request_new_token | ❌ 토큰 발급 실패: 'NoneType' object has no attribute 'post'
2025-07-05 18:31:16 | SmartKISCollector | ERROR    | request_new_token | ❌ 토큰 발급 실패: 'NoneType' object has no attribute 'post'
2025-07-05 18:31:16 | SmartKISCollector | ERROR    | request_new_token | ❌ 토큰 발급 실패: 'NoneType' object has no attribute 'post'
2025-07-05 18:31:16 | SmartKISCollector | ERROR    | request_new_token | ❌ 토큰 발급 실패: 'NoneType' object has no attribute 'post'
2025-07-05 18:31:16 | SmartKISCollector | ERROR    | request_new_token | ❌ 토큰 발급 실패: 'NoneType' object has no attribute 'post'
2025-07-05 18:31:16 | SmartKISCollector | ERROR    | request_new_token | ❌ 토큰 발급 실패: 'NoneType' object has no attribute 'post'
2025-07-05 18:31:16 | SmartKISCollector | ERROR    | request_new_token | ❌ 토큰 발급 실패: 'NoneType' object has no attribute 'post'
2025-07-05 18:31:16 | SmartKISCollector | ERROR    | request_new_token | ❌ 토큰 발급 실패: 'NoneType' object has no attribute 'post'
2025-07-05 18:31:16 | SmartKISCollector | ERROR    | request_new_token | ❌ 토큰 발급 실패: 'NoneType' object has no attribute 'post'
2025-07-05 18:31:16 | SmartKISCollector | ERROR    | request_new_token | ❌ 토큰 발급 실패: 'NoneType' object has no attribute 'post'
2025-07-05 18:31:16 | SmartKISCollector | ERROR    | request_new_token | ❌ 토큰 발급 실패: 'NoneType' object has no attribute 'post'
2025-07-05 18:31:16 | SmartKISCollector | ERROR    | request_new_token | ❌ 토큰 발급 실패: 'NoneType' object has no attribute 'post'
2025-07-05 18:31:16 | SmartKISCollector | ERROR    | request_new_token | ❌ 토큰 발급 실패: 'NoneType' object has no attribute 'post'
2025-07-05 18:31:16 | SmartKISCollector | ERROR    | request_new_token | ❌ 토큰 발급 실패: 'NoneType' object has no attribute 'post'
2025-07-05 18:31:16 | SmartKISCollector | ERROR    | request_new_token | ❌ 토큰 발급 실패: 'NoneType' object has no attribute 'post'
2025-07-05 18:31:16 | SmartKISCollector | ERROR    | request_new_token | ❌ 토큰 발급 실패: 'NoneType' object has no attribute 'post'
2025-07-05 18:31:16 | SmartKISCollector | ERROR    | request_new_token | ❌ 토큰 발급 실패: 'NoneType' object has no attribute 'post'
2025-07-05 18:31:16 | SmartKISCollector | ERROR    | request_new_token | ❌ 토큰 발급 실패: 'NoneType' object has no attribute 'post'
2025-07-05 18:31:16 | SmartKISCollector | ERROR    | request_new_token | ❌ 토큰 발급 실패: 'NoneType' object has no attribute 'post'
2025-07-05 18:31:16 | SmartKISCollector | ERROR    | request_new_token | ❌ 토큰 발급 실패: 'NoneType' object has no attribute 'post'
2025-07-05 18:31:16 | SmartKISCollector | ERROR    | request_new_token | ❌ 토큰 발급 실패: 'NoneType' object has no attribute 'post'
2025-07-05 18:31:16 | SmartKISCollector | ERROR    | request_new_token | ❌ 토큰 발급 실패: 'NoneType' object has no attribute 'post'
2025-07-05 18:31:16 | SmartKISCollector | ERROR    | request_new_token | ❌ 토큰 발급 실패: 'NoneType' object has no attribute 'post'
2025-07-05 18:31:17 | SmartKISCollector | ERROR    | request_new_token | ❌ 토큰 발급 실패: 'NoneType' object has no attribute 'post'
2025-07-05 18:31:17 | SmartKISCollector | ERROR    | request_new_token | ❌ 토큰 발급 실패: 'NoneType' object has no attribute 'post'
2025-07-05 18:31:17 | SmartKISCollector | ERROR    | request_new_token | ❌ 토큰 발급 실패: 'NoneType' object has no attribute 'post'
2025-07-05 18:31:17 | SmartKISCollector | ERROR    | request_new_token | ❌ 토큰 발급 실패: 'NoneType' object has no attribute 'post'
2025-07-05 18:31:17 | SmartKISCollector | ERROR    | request_new_token | ❌ 토큰 발급 실패: 'NoneType' object has no attribute 'post'
2025-07-05 18:31:17 | SmartKISCollector | ERROR    | request_new_token | ❌ 토큰 발급 실패: 'NoneType' object has no attribute 'post'
2025-07-05 18:31:17 | SmartKISCollector | ERROR    | request_new_token | ❌ 토큰 발급 실패: 'NoneType' object has no attribute 'post'
2025-07-05 18:31:17 | SmartKISCollector | ERROR    | request_new_token | ❌ 토큰 발급 실패: 'NoneType' object has no attribute 'post'
2025-07-05 18:31:17 | SmartKISCollector | ERROR    | request_new_token | ❌ 토큰 발급 실패: 'NoneType' object has no attribute 'post'
2025-07-05 18:31:17 | SmartKISCollector | ERROR    | request_new_token | ❌ 토큰 발급 실패: 'NoneType' object has no attribute 'post'
2025-07-05 18:31:17 | SmartKISCollector | ERROR    | request_new_token | ❌ 토큰 발급 실패: 'NoneType' object has no attribute 'post'
2025-07-05 18:31:17 | SmartKISCollector | ERROR    | request_new_token | ❌ 토큰 발급 실패: 'NoneType' object has no attribute 'post'
2025-07-05 18:31:17 | SmartKISCollector | ERROR    | request_new_token | ❌ 토큰 발급 실패: 'NoneType' object has no attribute 'post'
2025-07-05 18:31:17 | SmartKISCollector | ERROR    | request_new_token | ❌ 토큰 발급 실패: 'NoneType' object has no attribute 'post'
2025-07-05 18:31:17 | SmartKISCollector | ERROR    | request_new_token | ❌ 토큰 발급 실패: 'NoneType' object has no attribute 'post'
2025-07-05 18:31:17 | SmartKISCollector | ERROR    | request_new_token | ❌ 토큰 발급 실패: 'NoneType' object has no attribute 'post'
2025-07-05 18:31:17 | SmartKISCollector | ERROR    | request_new_token | ❌ 토큰 발급 실패: 'NoneType' object has no attribute 'post'
2025-07-05 18:31:17 | SmartKISCollector | ERROR    | request_new_token | ❌ 토큰 발급 실패: 'NoneType' object has no attribute 'post'
2025-07-05 18:31:17 | SmartKISCollector | ERROR    | request_new_token | ❌ 토큰 발급 실패: 'NoneType' object has no attribute 'post'
2025-07-05 18:31:17 | SmartKISCollector | ERROR    | request_new_token | ❌ 토큰 발급 실패: 'NoneType' object has no attribute 'post'
2025-07-05 18:31:17 | SmartKISCollector | ERROR    | request_new_token | ❌ 토큰 발급 실패: 'NoneType' object has no attribute 'post'
2025-07-05 18:31:17 | SmartKISCollector | ERROR    | request_new_token | ❌ 토큰 발급 실패: 'NoneType' object has no attribute 'post'
2025-07-05 18:31:17 | SmartKISCollector | ERROR    | request_new_token | ❌ 토큰 발급 실패: 'NoneType' object has no attribute 'post'
2025-07-05 18:31:17 | SmartKISCollector | ERROR    | request_new_token | ❌ 토큰 발급 실패: 'NoneType' object has no attribute 'post'
2025-07-05 18:31:17 | SmartKISCollector | ERROR    | request_new_token | ❌ 토큰 발급 실패: 'NoneType' object has no attribute 'post'
2025-07-05 18:31:17 | SmartKISCollector | ERROR    | request_new_token | ❌ 토큰 발급 실패: 'NoneType' object has no attribute 'post'
2025-07-05 18:31:17 | SmartKISCollector | ERROR    | request_new_token | ❌ 토큰 발급 실패: 'NoneType' object has no attribute 'post'
2025-07-05 18:31:17 | SmartKISCollector | ERROR    | request_new_token | ❌ 토큰 발급 실패: 'NoneType' object has no attribute 'post'
2025-07-05 18:31:17 | SmartKISCollector | ERROR    | request_new_token | ❌ 토큰 발급 실패: 'NoneType' object has no attribute 'post'
2025-07-05 18:31:17 | SmartKISCollector | ERROR    | request_new_token | ❌ 토큰 발급 실패: 'NoneType' object has no attribute 'post'
2025-07-05 18:31:17 | SmartKISCollector | ERROR    | request_new_token | ❌ 토큰 발급 실패: 'NoneType' object has no attribute 'post'
2025-07-05 18:31:17 | SmartKISCollector | ERROR    | request_new_token | ❌ 토큰 발급 실패: 'NoneType' object has no attribute 'post'
2025-07-05 18:31:17 | SmartKISCollector | ERROR    | request_new_token | ❌ 토큰 발급 실패: 'NoneType' object has no attribute 'post'
2025-07-05 18:31:17 | SmartKISCollector | ERROR    | request_new_token | ❌ 토큰 발급 실패: 'NoneType' object has no attribute 'post'
2025-07-05 18:31:17 | SmartKISCollector | ERROR    | request_new_token | ❌ 토큰 발급 실패: 'NoneType' object has no attribute 'post'
2025-07-05 18:31:17 | SmartKISCollector | ERROR    | request_new_token | ❌ 토큰 발급 실패: 'NoneType' object has no attribute 'post'
2025-07-05 18:31:17 | SmartKISCollector | ERROR    | request_new_token | ❌ 토큰 발급 실패: 'NoneType' object has no attribute 'post'
2025-07-05 18:31:17 | SmartKISCollector | ERROR    | request_new_token | ❌ 토큰 발급 실패: 'NoneType' object has no attribute 'post'
2025-07-05 18:31:17 | SmartKISCollector | ERROR    | request_new_token | ❌ 토큰 발급 실패: 'NoneType' object has no attribute 'post'
2025-07-05 18:31:17 | SmartKISCollector | ERROR    | request_new_token | ❌ 토큰 발급 실패: 'NoneType' object has no attribute 'post'
2025-07-05 18:31:17 | SmartKISCollector | ERROR    | request_new_token | ❌ 토큰 발급 실패: 'NoneType' object has no attribute 'post'
2025-07-05 18:31:17 | SmartKISCollector | ERROR    | request_new_token | ❌ 토큰 발급 실패: 'NoneType' object has no attribute 'post'
2025-07-05 18:31:17 | SmartKISCollector | ERROR    | request_new_token | ❌ 토큰 발급 실패: 'NoneType' object has no attribute 'post'
2025-07-05 18:31:17 | SmartKISCollector | ERROR    | request_new_token | ❌ 토큰 발급 실패: 'NoneType' object has no attribute 'post'
2025-07-05 18:31:17 | SmartKISCollector | ERROR    | request_new_token | ❌ 토큰 발급 실패: 'NoneType' object has no attribute 'post'
2025-07-05 18:31:18 | SmartKISCollector | ERROR    | request_new_token | ❌ 토큰 발급 실패: 'NoneType' object has no attribute 'post'
2025-07-05 18:31:18 | SmartKISCollector | ERROR    | request_new_token | ❌ 토큰 발급 실패: 'NoneType' object has no attribute 'post'
2025-07-05 18:31:18 | SmartKISCollector | ERROR    | request_new_token | ❌ 토큰 발급 실패: 'NoneType' object has no attribute 'post'
2025-07-05 18:31:18 | SmartKISCollector | ERROR    | request_new_token | ❌ 토큰 발급 실패: 'NoneType' object has no attribute 'post'
2025-07-05 18:31:18 | SmartKISCollector | ERROR    | request_new_token | ❌ 토큰 발급 실패: 'NoneType' object has no attribute 'post'
2025-07-05 18:31:18 | SmartKISCollector | ERROR    | request_new_token | ❌ 토큰 발급 실패: 'NoneType' object has no attribute 'post'
2025-07-05 18:31:18 | SmartKISCollector | ERROR    | request_new_token | ❌ 토큰 발급 실패: 'NoneType' object has no attribute 'post'
2025-07-05 18:31:18 | SmartKISCollector | ERROR    | request_new_token | ❌ 토큰 발급 실패: 'NoneType' object has no attribute 'post'
2025-07-05 18:31:18 | SmartKISCollector | ERROR    | request_new_token | ❌ 토큰 발급 실패: 'NoneType' object has no attribute 'post'
2025-07-05 18:31:18 | SmartKISCollector | ERROR    | request_new_token | ❌ 토큰 발급 실패: 'NoneType' object has no attribute 'post'
2025-07-05 18:31:18 | SmartKISCollector | ERROR    | request_new_token | ❌ 토큰 발급 실패: 'NoneType' object has no attribute 'post'
2025-07-05 18:31:18 | SmartKISCollector | ERROR    | request_new_token | ❌ 토큰 발급 실패: 'NoneType' object has no attribute 'post'
2025-07-05 18:31:18 | SmartKISCollector | ERROR    | request_new_token | ❌ 토큰 발급 실패: 'NoneType' object has no attribute 'post'
2025-07-05 18:31:18 | SmartKISCollector | ERROR    | request_new_token | ❌ 토큰 발급 실패: 'NoneType' object has no attribute 'post'
2025-07-05 18:31:18 | SmartKISCollector | ERROR    | request_new_token | ❌ 토큰 발급 실패: 'NoneType' object has no attribute 'post'
2025-07-05 18:31:18 | SmartKISCollector | ERROR    | request_new_token | ❌ 토큰 발급 실패: 'NoneType' object has no attribute 'post'
2025-07-05 18:31:18 | SmartKISCollector | ERROR    | request_new_token | ❌ 토큰 발급 실패: 'NoneType' object has no attribute 'post'
2025-07-05 18:31:18 | SmartKISCollector | ERROR    | request_new_token | ❌ 토큰 발급 실패: 'NoneType' object has no attribute 'post'
2025-07-05 18:31:18 | SmartKISCollector | ERROR    | request_new_token | ❌ 토큰 발급 실패: 'NoneType' object has no attribute 'post'
2025-07-05 18:31:18 | SmartKISCollector | ERROR    | request_new_token | ❌ 토큰 발급 실패: 'NoneType' object has no attribute 'post'
2025-07-05 18:31:18 | SmartKISCollector | ERROR    | request_new_token | ❌ 토큰 발급 실패: 'NoneType' object has no attribute 'post'
2025-07-05 18:31:18 | SmartKISCollector | ERROR    | request_new_token | ❌ 토큰 발급 실패: 'NoneType' object has no attribute 'post'
2025-07-05 18:31:18 | SmartKISCollector | ERROR    | request_new_token | ❌ 토큰 발급 실패: 'NoneType' object has no attribute 'post'
2025-07-05 18:31:18 | SmartKISCollector | ERROR    | request_new_token | ❌ 토큰 발급 실패: 'NoneType' object has no attribute 'post'
2025-07-05 18:31:18 | SmartKISCollector | ERROR    | request_new_token | ❌ 토큰 발급 실패: 'NoneType' object has no attribute 'post'
2025-07-05 18:31:18 | SmartKISCollector | ERROR    | request_new_token | ❌ 토큰 발급 실패: 'NoneType' object has no attribute 'post'
2025-07-05 18:31:18 | SmartKISCollector | ERROR    | request_new_token | ❌ 토큰 발급 실패: 'NoneType' object has no attribute 'post'
2025-07-05 18:31:18 | SmartKISCollector | ERROR    | request_new_token | ❌ 토큰 발급 실패: 'NoneType' object has no attribute 'post'
2025-07-05 18:31:18 | SmartKISCollector | ERROR    | request_new_token | ❌ 토큰 발급 실패: 'NoneType' object has no attribute 'post'
2025-07-05 18:31:18 | SmartKISCollector | ERROR    | request_new_token | ❌ 토큰 발급 실패: 'NoneType' object has no attribute 'post'
2025-07-05 18:31:18 | SmartKISCollector | ERROR    | request_new_token | ❌ 토큰 발급 실패: 'NoneType' object has no attribute 'post'
2025-07-05 18:31:18 | SmartKISCollector | ERROR    | request_new_token | ❌ 토큰 발급 실패: 'NoneType' object has no attribute 'post'
2025-07-05 18:31:18 | SmartKISCollector | ERROR    | request_new_token | ❌ 토큰 발급 실패: 'NoneType' object has no attribute 'post'
2025-07-05 18:31:18 | SmartKISCollector | ERROR    | request_new_token | ❌ 토큰 발급 실패: 'NoneType' object has no attribute 'post'
2025-07-05 18:31:18 | SmartKISCollector | ERROR    | request_new_token | ❌ 토큰 발급 실패: 'NoneType' object has no attribute 'post'
2025-07-05 18:31:18 | SmartKISCollector | ERROR    | request_new_token | ❌ 토큰 발급 실패: 'NoneType' object has no attribute 'post'
2025-07-05 18:31:18 | SmartKISCollector | ERROR    | request_new_token | ❌ 토큰 발급 실패: 'NoneType' object has no attribute 'post'
2025-07-05 18:31:18 | SmartKISCollector | ERROR    | request_new_token | ❌ 토큰 발급 실패: 'NoneType' object has no attribute 'post'
2025-07-05 18:31:18 | SmartKISCollector | ERROR    | request_new_token | ❌ 토큰 발급 실패: 'NoneType' object has no attribute 'post'
2025-07-05 18:31:18 | SmartKISCollector | ERROR    | request_new_token | ❌ 토큰 발급 실패: 'NoneType' object has no attribute 'post'
2025-07-05 18:31:18 | SmartKISCollector | ERROR    | request_new_token | ❌ 토큰 발급 실패: 'NoneType' object has no attribute 'post'
2025-07-05 18:31:18 | SmartKISCollector | ERROR    | request_new_token | ❌ 토큰 발급 실패: 'NoneType' object has no attribute 'post'
2025-07-05 18:31:18 | SmartKISCollector | ERROR    | request_new_token | ❌ 토큰 발급 실패: 'NoneType' object has no attribute 'post'
2025-07-05 18:31:18 | SmartKISCollector | ERROR    | request_new_token | ❌ 토큰 발급 실패: 'NoneType' object has no attribute 'post'
2025-07-05 18:31:18 | SmartKISCollector | ERROR    | request_new_token | ❌ 토큰 발급 실패: 'NoneType' object has no attribute 'post'
2025-07-05 18:31:19 | SmartKISCollector | ERROR    | request_new_token | ❌ 토큰 발급 실패: 'NoneType' object has no attribute 'post'
2025-07-05 18:31:19 | SmartKISCollector | ERROR    | request_new_token | ❌ 토큰 발급 실패: 'NoneType' object has no attribute 'post'
2025-07-05 18:31:19 | SmartKISCollector | ERROR    | request_new_token | ❌ 토큰 발급 실패: 'NoneType' object has no attribute 'post'
2025-07-05 18:31:19 | SmartKISCollector | ERROR    | request_new_token | ❌ 토큰 발급 실패: 'NoneType' object has no attribute 'post'
2025-07-05 18:31:19 | SmartKISCollector | ERROR    | request_new_token | ❌ 토큰 발급 실패: 'NoneType' object has no attribute 'post'
2025-07-05 18:31:19 | SmartKISCollector | ERROR    | request_new_token | ❌ 토큰 발급 실패: 'NoneType' object has no attribute 'post'
2025-07-05 18:31:19 | SmartKISCollector | ERROR    | request_new_token | ❌ 토큰 발급 실패: 'NoneType' object has no attribute 'post'
2025-07-05 18:31:19 | SmartKISCollector | ERROR    | request_new_token | ❌ 토큰 발급 실패: 'NoneType' object has no attribute 'post'
2025-07-05 18:31:19 | SmartKISCollector | ERROR    | request_new_token | ❌ 토큰 발급 실패: 'NoneType' object has no attribute 'post'
2025-07-05 18:31:19 | SmartKISCollector | ERROR    | request_new_token | ❌ 토큰 발급 실패: 'NoneType' object has no attribute 'post'
2025-07-05 18:31:19 | SmartKISCollector | ERROR    | request_new_token | ❌ 토큰 발급 실패: 'NoneType' object has no attribute 'post'
2025-07-05 18:31:19 | SmartKISCollector | ERROR    | request_new_token | ❌ 토큰 발급 실패: 'NoneType' object has no attribute 'post'
2025-07-05 18:31:19 | SmartKISCollector | ERROR    | request_new_token | ❌ 토큰 발급 실패: 'NoneType' object has no attribute 'post'
2025-07-05 18:31:19 | SmartKISCollector | ERROR    | request_new_token | ❌ 토큰 발급 실패: 'NoneType' object has no attribute 'post'
2025-07-05 18:31:19 | SmartKISCollector | ERROR    | request_new_token | ❌ 토큰 발급 실패: 'NoneType' object has no attribute 'post'
2025-07-05 18:31:19 | SmartKISCollector | ERROR    | request_new_token | ❌ 토큰 발급 실패: 'NoneType' object has no attribute 'post'
2025-07-05 18:31:19 | SmartKISCollector | ERROR    | request_new_token | ❌ 토큰 발급 실패: 'NoneType' object has no attribute 'post'
2025-07-05 18:31:19 | SmartKISCollector | ERROR    | request_new_token | ❌ 토큰 발급 실패: 'NoneType' object has no attribute 'post'
2025-07-05 18:31:19 | SmartKISCollector | ERROR    | request_new_token | ❌ 토큰 발급 실패: 'NoneType' object has no attribute 'post'
2025-07-05 18:31:19 | SmartKISCollector | ERROR    | request_new_token | ❌ 토큰 발급 실패: 'NoneType' object has no attribute 'post'
2025-07-05 18:31:19 | SmartKISCollector | ERROR    | request_new_token | ❌ 토큰 발급 실패: 'NoneType' object has no attribute 'post'
2025-07-05 18:31:19 | SmartKISCollector | ERROR    | request_new_token | ❌ 토큰 발급 실패: 'NoneType' object has no attribute 'post'
2025-07-05 18:31:19 | SmartKISCollector | ERROR    | request_new_token | ❌ 토큰 발급 실패: 'NoneType' object has no attribute 'post'
2025-07-05 18:31:19 | SmartKISCollector | ERROR    | request_new_token | ❌ 토큰 발급 실패: 'NoneType' object has no attribute 'post'
2025-07-05 18:31:19 | SmartKISCollector | ERROR    | request_new_token | ❌ 토큰 발급 실패: 'NoneType' object has no attribute 'post'
2025-07-05 18:31:19 | SmartKISCollector | ERROR    | request_new_token | ❌ 토큰 발급 실패: 'NoneType' object has no attribute 'post'
2025-07-05 18:31:19 | SmartKISCollector | ERROR    | request_new_token | ❌ 토큰 발급 실패: 'NoneType' object has no attribute 'post'
2025-07-05 18:31:19 | SmartKISCollector | ERROR    | request_new_token | ❌ 토큰 발급 실패: 'NoneType' object has no attribute 'post'
2025-07-05 18:31:19 | SmartKISCollector | ERROR    | request_new_token | ❌ 토큰 발급 실패: 'NoneType' object has no attribute 'post'
2025-07-05 18:31:19 | SmartKISCollector | ERROR    | request_new_token | ❌ 토큰 발급 실패: 'NoneType' object has no attribute 'post'
2025-07-05 18:31:19 | SmartKISCollector | ERROR    | request_new_token | ❌ 토큰 발급 실패: 'NoneType' object has no attribute 'post'
2025-07-05 18:31:19 | SmartKISCollector | ERROR    | request_new_token | ❌ 토큰 발급 실패: 'NoneType' object has no attribute 'post'
2025-07-05 18:31:19 | SmartKISCollector | ERROR    | request_new_token | ❌ 토큰 발급 실패: 'NoneType' object has no attribute 'post'
2025-07-05 18:31:19 | SmartKISCollector | ERROR    | request_new_token | ❌ 토큰 발급 실패: 'NoneType' object has no attribute 'post'
2025-07-05 18:31:19 | SmartKISCollector | ERROR    | request_new_token | ❌ 토큰 발급 실패: 'NoneType' object has no attribute 'post'
2025-07-05 18:31:19 | SmartKISCollector | ERROR    | request_new_token | ❌ 토큰 발급 실패: 'NoneType' object has no attribute 'post'
2025-07-05 18:31:19 | SmartKISCollector | ERROR    | request_new_token | ❌ 토큰 발급 실패: 'NoneType' object has no attribute 'post'
2025-07-05 18:31:19 | SmartKISCollector | ERROR    | request_new_token | ❌ 토큰 발급 실패: 'NoneType' object has no attribute 'post'
2025-07-05 18:31:19 | SmartKISCollector | ERROR    | request_new_token | ❌ 토큰 발급 실패: 'NoneType' object has no attribute 'post'
2025-07-05 18:31:19 | SmartKISCollector | ERROR    | request_new_token | ❌ 토큰 발급 실패: 'NoneType' object has no attribute 'post'
